<?xml version="1.0" encoding="UTF-8"?>
<!-- Generated by org.testng.reporters.JUnitReportReporter -->
<testsuite skipped="0" hostname="anand-PC" name="com.java.testng.automation.HelloWorld2" tests="1" failures="0" timestamp="23 Aug 2017 20:19:18 GMT" time="0.001" errors="0">
  <testcase name="testng21" time="0.001" classname="com.java.testng.automation.HelloWorld2"/>
</testsuite> <!-- com.java.testng.automation.HelloWorld2 -->
