<?xml version="1.0" encoding="UTF-8"?>
<!-- Generated by org.testng.reporters.JUnitReportReporter -->
<testsuite skipped="0" hostname="anand-PC" name="com.java.testng.automation.HelloWorld" tests="1" failures="0" timestamp="23 Aug 2017 20:19:18 GMT" time="0.007" errors="0">
  <testcase name="testng" time="0.007" classname="com.java.testng.automation.HelloWorld"/>
</testsuite> <!-- com.java.testng.automation.HelloWorld -->
